d:\qt project\tcpserver\tcpserver\debug\tcpserver.pch
d:\qt project\tcpserver\tcpserver\debug\vc140.pdb
d:\qt project\tcpserver\tcpserver\debug\vc140.idb
d:\qt project\tcpserver\tcpserver\debug\stdafx.obj
d:\qt project\tcpserver\tcpserver\debug\tcpserver.obj
d:\qt project\tcpserver\debug\tcpserver.pdb
d:\qt project\tcpserver\tcpserver\debug\tcpserver.tlog\cl.command.1.tlog
d:\qt project\tcpserver\tcpserver\debug\tcpserver.tlog\cl.read.1.tlog
d:\qt project\tcpserver\tcpserver\debug\tcpserver.tlog\cl.write.1.tlog
d:\qt project\tcpserver\tcpserver\debug\tcpserver.tlog\link-cvtres.read.1.tlog
d:\qt project\tcpserver\tcpserver\debug\tcpserver.tlog\link-cvtres.write.1.tlog
d:\qt project\tcpserver\tcpserver\debug\tcpserver.tlog\link-rc.read.1.tlog
d:\qt project\tcpserver\tcpserver\debug\tcpserver.tlog\link-rc.write.1.tlog
d:\qt project\tcpserver\tcpserver\debug\tcpserver.tlog\link.16824-cvtres.read.1.tlog
d:\qt project\tcpserver\tcpserver\debug\tcpserver.tlog\link.16824-cvtres.write.1.tlog
d:\qt project\tcpserver\tcpserver\debug\tcpserver.tlog\link.16824-rc.read.1.tlog
d:\qt project\tcpserver\tcpserver\debug\tcpserver.tlog\link.16824-rc.write.1.tlog
d:\qt project\tcpserver\tcpserver\debug\tcpserver.tlog\link.16824.read.1.tlog
d:\qt project\tcpserver\tcpserver\debug\tcpserver.tlog\link.16824.write.1.tlog
d:\qt project\tcpserver\tcpserver\debug\tcpserver.tlog\link.command.1.tlog
d:\qt project\tcpserver\tcpserver\debug\tcpserver.tlog\link.read.1.tlog
d:\qt project\tcpserver\tcpserver\debug\tcpserver.tlog\link.write.1.tlog
